Arguments: 
  /usr/bin/node /usr/share/yarn/bin/yarn.js add @react-native-community/async-storage

PATH: 
  /home/pygar/anaconda3/condabin:/usr/local/sbin:/usr/local/bin:/usr/sbin:/usr/bin:/sbin:/bin:/usr/games:/usr/local/games:/snap/bin

Yarn version: 
  1.17.3

Node version: 
  10.16.2

Platform: 
  linux x64

Trace: 
  Error: EACCES: permission denied, unlink '/home/pygar/prok/node_modules/react-navigation/CHANGELOG.md'

npm manifest: 
  {
    "main": "node_modules/expo/AppEntry.js",
    "scripts": {
      "start": "expo start",
      "android": "expo start --android",
      "ios": "expo start --ios",
      "web": "expo start --web",
      "eject": "expo eject"
    },
    "dependencies": {
      "@expo/vector-icons": "^10.0.3",
      "expo": "^34.0.1",
      "expo-font": "^6.0.1",
      "native-base": "^2.13.4",
      "react": "16.8.3",
      "react-dom": "^16.8.6",
      "react-native": "https://github.com/expo/react-native/archive/sdk-34.0.0.tar.gz",
      "react-native-gesture-handler": "^1.3.0",
      "react-native-reanimated": "^1.1.0",
      "react-native-web": "^0.11.4",
      "react-navigation": "^3.11.1"
    },
    "devDependencies": {
      "babel-preset-expo": "^6.0.0"
    },
    "private": true
  }

yarn manifest: 
  No manifest

Lockfile: 
  No lockfile
